I, [2016-03-21T12:46:29.542935 #7702]  INFO -- : OK! Provinces collected correctly
I, [2016-03-21T12:46:29.702922 #7702]  INFO -- : OK! AGRIGENTO collected correctly
I, [2016-03-21T12:46:30.229302 #7702]  INFO -- : OK! ALESSANDRIA collected correctly
I, [2016-03-21T12:46:30.710785 #7702]  INFO -- : OK! ANCONA collected correctly
I, [2016-03-21T12:46:31.177585 #7702]  INFO -- : OK! AOSTA collected correctly
I, [2016-03-21T12:46:31.654528 #7702]  INFO -- : OK! AREZZO collected correctly
I, [2016-03-21T12:46:32.124675 #7702]  INFO -- : OK! ASCOLI PICENO collected correctly
I, [2016-03-21T12:46:32.689797 #7702]  INFO -- : OK! ASTI collected correctly
I, [2016-03-21T12:46:33.189793 #7702]  INFO -- : OK! AVELLINO collected correctly
I, [2016-03-21T12:46:33.702818 #7702]  INFO -- : OK! BARI collected correctly
I, [2016-03-21T12:46:34.168243 #7702]  INFO -- : OK! BARLETTA-ANDRIA-TRANI collected correctly
I, [2016-03-21T12:46:34.671987 #7702]  INFO -- : OK! BELLUNO collected correctly
I, [2016-03-21T12:46:35.173127 #7702]  INFO -- : OK! BENEVENTO collected correctly
I, [2016-03-21T12:46:35.735562 #7702]  INFO -- : OK! BERGAMO collected correctly
I, [2016-03-21T12:46:36.228735 #7702]  INFO -- : OK! BIELLA collected correctly
I, [2016-03-21T12:46:36.714969 #7702]  INFO -- : OK! BOLOGNA collected correctly
I, [2016-03-21T12:46:37.239739 #7702]  INFO -- : OK! BOLZANO BOZEN collected correctly
I, [2016-03-21T12:46:37.759419 #7702]  INFO -- : OK! BRESCIA collected correctly
I, [2016-03-21T12:46:38.215570 #7702]  INFO -- : OK! BRINDISI collected correctly
I, [2016-03-21T12:46:38.708112 #7702]  INFO -- : OK! CAGLIARI collected correctly
I, [2016-03-21T12:46:39.164535 #7702]  INFO -- : OK! CALTANISSETTA collected correctly
I, [2016-03-21T12:46:39.676270 #7702]  INFO -- : OK! CAMPOBASSO collected correctly
I, [2016-03-21T12:46:40.137802 #7702]  INFO -- : OK! CARBONIA-IGLESIAS collected correctly
I, [2016-03-21T12:46:40.656427 #7702]  INFO -- : OK! CASERTA collected correctly
I, [2016-03-21T12:46:41.137874 #7702]  INFO -- : OK! CATANIA collected correctly
I, [2016-03-21T12:46:41.655963 #7702]  INFO -- : OK! CATANZARO collected correctly
I, [2016-03-21T12:46:42.147558 #7702]  INFO -- : OK! CHIETI collected correctly
I, [2016-03-21T12:46:42.717175 #7702]  INFO -- : OK! COMO collected correctly
I, [2016-03-21T12:46:43.219030 #7702]  INFO -- : OK! COSENZA collected correctly
I, [2016-03-21T12:46:44.471589 #7702]  INFO -- : OK! CREMONA collected correctly
I, [2016-03-21T12:46:44.955567 #7702]  INFO -- : OK! CROTONE collected correctly
I, [2016-03-21T12:46:45.522522 #7702]  INFO -- : OK! CUNEO collected correctly
I, [2016-03-21T12:46:45.988268 #7702]  INFO -- : OK! ENNA collected correctly
I, [2016-03-21T12:46:46.472018 #7702]  INFO -- : OK! FERMO collected correctly
I, [2016-03-21T12:46:46.967983 #7702]  INFO -- : OK! FERRARA collected correctly
I, [2016-03-21T12:46:47.436810 #7702]  INFO -- : OK! FIRENZE collected correctly
I, [2016-03-21T12:46:47.907741 #7702]  INFO -- : OK! FIUME collected correctly
I, [2016-03-21T12:46:48.402648 #7702]  INFO -- : OK! FOGGIA collected correctly
I, [2016-03-21T12:46:48.885140 #7702]  INFO -- : OK! FORLI' collected correctly
I, [2016-03-21T12:46:49.346511 #7702]  INFO -- : OK! FORLI'-CESENA collected correctly
I, [2016-03-21T12:46:49.843766 #7702]  INFO -- : OK! FROSINONE collected correctly
I, [2016-03-21T12:46:50.354521 #7702]  INFO -- : OK! GENOVA collected correctly
I, [2016-03-21T12:46:50.865638 #7702]  INFO -- : OK! GORIZIA collected correctly
I, [2016-03-21T12:46:51.350875 #7702]  INFO -- : OK! GROSSETO collected correctly
I, [2016-03-21T12:46:51.856617 #7702]  INFO -- : OK! IMPERIA collected correctly
I, [2016-03-21T12:46:52.340894 #7702]  INFO -- : OK! ISERNIA collected correctly
I, [2016-03-21T12:46:52.849327 #7702]  INFO -- : OK! L'AQUILA collected correctly
I, [2016-03-21T12:46:53.340627 #7702]  INFO -- : OK! LA SPEZIA collected correctly
I, [2016-03-21T12:46:53.812947 #7702]  INFO -- : OK! LATINA collected correctly
I, [2016-03-21T12:46:54.302134 #7702]  INFO -- : OK! LECCE collected correctly
I, [2016-03-21T12:46:54.797418 #7702]  INFO -- : OK! LECCO collected correctly
I, [2016-03-21T12:46:55.418429 #7702]  INFO -- : OK! LIVORNO collected correctly
I, [2016-03-21T12:46:55.909804 #7702]  INFO -- : OK! LODI collected correctly
I, [2016-03-21T12:46:56.414795 #7702]  INFO -- : OK! LUCCA collected correctly
I, [2016-03-21T12:46:56.888906 #7702]  INFO -- : OK! MACERATA collected correctly
I, [2016-03-21T12:46:57.375172 #7702]  INFO -- : OK! MANTOVA collected correctly
I, [2016-03-21T12:46:57.855271 #7702]  INFO -- : OK! MASSA CARRARA collected correctly
I, [2016-03-21T12:46:58.354623 #7702]  INFO -- : OK! MATERA collected correctly
I, [2016-03-21T12:46:58.830128 #7702]  INFO -- : OK! MEDIO CAMPIDANO collected correctly
I, [2016-03-21T12:46:59.354224 #7702]  INFO -- : OK! MESSINA collected correctly
I, [2016-03-21T12:46:59.920277 #7702]  INFO -- : OK! MILANO collected correctly
I, [2016-03-21T12:47:00.404153 #7702]  INFO -- : OK! MODENA collected correctly
I, [2016-03-21T12:47:00.899243 #7702]  INFO -- : OK! MONZA E BRIANZA collected correctly
I, [2016-03-21T12:47:01.423006 #7702]  INFO -- : OK! NAPOLI collected correctly
I, [2016-03-21T12:47:01.950991 #7702]  INFO -- : OK! NOVARA collected correctly
I, [2016-03-21T12:47:02.443564 #7702]  INFO -- : OK! NUORO collected correctly
I, [2016-03-21T12:47:02.939683 #7702]  INFO -- : OK! OGLIASTRA collected correctly
I, [2016-03-21T12:47:03.411709 #7702]  INFO -- : OK! OLBIA-TEMPIO collected correctly
I, [2016-03-21T12:47:03.916661 #7702]  INFO -- : OK! ORISTANO collected correctly
I, [2016-03-21T12:47:04.420030 #7702]  INFO -- : OK! PADOVA collected correctly
I, [2016-03-21T12:47:04.910274 #7702]  INFO -- : OK! PALERMO collected correctly
I, [2016-03-21T12:47:05.385215 #7702]  INFO -- : OK! PARMA collected correctly
I, [2016-03-21T12:47:05.914843 #7702]  INFO -- : OK! PAVIA collected correctly
I, [2016-03-21T12:47:06.404291 #7702]  INFO -- : OK! PERUGIA collected correctly
I, [2016-03-21T12:47:06.924599 #7702]  INFO -- : OK! PESARO collected correctly
I, [2016-03-21T12:47:07.390542 #7702]  INFO -- : OK! PESARO E URBINO collected correctly
I, [2016-03-21T12:47:07.955922 #7702]  INFO -- : OK! PESCARA collected correctly
I, [2016-03-21T12:47:08.451517 #7702]  INFO -- : OK! PIACENZA collected correctly
I, [2016-03-21T12:47:08.948844 #7702]  INFO -- : OK! PISA collected correctly
I, [2016-03-21T12:47:09.433228 #7702]  INFO -- : OK! PISTOIA collected correctly
I, [2016-03-21T12:47:09.912579 #7702]  INFO -- : OK! POLA collected correctly
I, [2016-03-21T12:47:10.394316 #7702]  INFO -- : OK! PORDENONE collected correctly
I, [2016-03-21T12:47:10.897149 #7702]  INFO -- : OK! POTENZA collected correctly
I, [2016-03-21T12:47:11.379524 #7702]  INFO -- : OK! PRATO collected correctly
I, [2016-03-21T12:47:11.838502 #7702]  INFO -- : OK! RAGUSA collected correctly
I, [2016-03-21T12:47:12.313232 #7702]  INFO -- : OK! RAVENNA collected correctly
I, [2016-03-21T12:47:12.823530 #7702]  INFO -- : OK! REGGIO CALABRIA collected correctly
I, [2016-03-21T12:47:13.324220 #7702]  INFO -- : OK! REGGIO EMILIA collected correctly
I, [2016-03-21T12:47:13.839544 #7702]  INFO -- : OK! RIETI collected correctly
I, [2016-03-21T12:47:14.328211 #7702]  INFO -- : OK! RIMINI collected correctly
I, [2016-03-21T12:47:14.835964 #7702]  INFO -- : OK! ROMA collected correctly
I, [2016-03-21T12:47:15.342398 #7702]  INFO -- : OK! ROVIGO collected correctly
I, [2016-03-21T12:47:15.867876 #7702]  INFO -- : OK! SALERNO collected correctly
I, [2016-03-21T12:47:16.369843 #7702]  INFO -- : OK! SASSARI collected correctly
I, [2016-03-21T12:47:16.871456 #7702]  INFO -- : OK! SAVONA collected correctly
I, [2016-03-21T12:47:17.351074 #7702]  INFO -- : OK! SIENA collected correctly
I, [2016-03-21T12:47:17.834801 #7702]  INFO -- : OK! SIRACUSA collected correctly
I, [2016-03-21T12:47:18.345421 #7702]  INFO -- : OK! SONDRIO collected correctly
I, [2016-03-21T12:47:18.821806 #7702]  INFO -- : OK! TARANTO collected correctly
I, [2016-03-21T12:47:19.337953 #7702]  INFO -- : OK! TERAMO collected correctly
I, [2016-03-21T12:47:19.815982 #7702]  INFO -- : OK! TERNI collected correctly
I, [2016-03-21T12:47:20.360009 #7702]  INFO -- : OK! TORINO collected correctly
I, [2016-03-21T12:47:20.836000 #7702]  INFO -- : OK! TRAPANI collected correctly
I, [2016-03-21T12:47:21.875117 #7702]  INFO -- : OK! TRENTO collected correctly
I, [2016-03-21T12:47:22.468491 #7702]  INFO -- : OK! TREVISO collected correctly
I, [2016-03-21T12:47:22.950164 #7702]  INFO -- : OK! TRIESTE collected correctly
I, [2016-03-21T12:47:23.487635 #7702]  INFO -- : OK! UDINE collected correctly
I, [2016-03-21T12:47:24.014623 #7702]  INFO -- : OK! VARESE collected correctly
I, [2016-03-21T12:47:24.672669 #7702]  INFO -- : OK! VENEZIA collected correctly
I, [2016-03-21T12:47:25.174807 #7702]  INFO -- : OK! VERBANO-CUSIO-OSSOLA collected correctly
I, [2016-03-21T12:47:25.709176 #7702]  INFO -- : OK! VERCELLI collected correctly
I, [2016-03-21T12:47:26.222204 #7702]  INFO -- : OK! VERONA collected correctly
I, [2016-03-21T12:47:26.696295 #7702]  INFO -- : OK! VIBO VALENTIA collected correctly
I, [2016-03-21T12:47:27.195761 #7702]  INFO -- : OK! VICENZA collected correctly
I, [2016-03-21T12:47:27.688199 #7702]  INFO -- : OK! VITERBO collected correctly
I, [2016-03-21T12:47:28.149597 #7702]  INFO -- : OK! ZARA collected correctly
I, [2016-03-21T12:47:28.702595 #7702]  INFO -- : OK! STATO ESTERO collected correctly
I, [2016-03-21T12:48:24.590986 #7738]  INFO -- : OK! Provinces collected correctly
I, [2016-03-21T12:48:24.733374 #7738]  INFO -- : OK! AGRIGENTO collected correctly
I, [2016-03-21T12:48:25.265667 #7738]  INFO -- : OK! ALESSANDRIA collected correctly
I, [2016-03-21T12:48:25.952143 #7738]  INFO -- : OK! ANCONA collected correctly
I, [2016-03-21T12:48:26.451225 #7738]  INFO -- : OK! AOSTA collected correctly
I, [2016-03-21T12:48:26.926744 #7738]  INFO -- : OK! AREZZO collected correctly
I, [2016-03-21T12:48:27.437467 #7738]  INFO -- : OK! ASCOLI PICENO collected correctly
I, [2016-03-21T12:48:27.945439 #7738]  INFO -- : OK! ASTI collected correctly
I, [2016-03-21T12:48:28.456293 #7738]  INFO -- : OK! AVELLINO collected correctly
I, [2016-03-21T12:48:28.934150 #7738]  INFO -- : OK! BARI collected correctly
I, [2016-03-21T12:48:29.400826 #7738]  INFO -- : OK! BARLETTA-ANDRIA-TRANI collected correctly
I, [2016-03-21T12:48:29.933446 #7738]  INFO -- : OK! BELLUNO collected correctly
I, [2016-03-21T12:48:30.432542 #7738]  INFO -- : OK! BENEVENTO collected correctly
I, [2016-03-21T12:48:30.982845 #7738]  INFO -- : OK! BERGAMO collected correctly
I, [2016-03-21T12:48:31.482740 #7738]  INFO -- : OK! BIELLA collected correctly
I, [2016-03-21T12:48:31.997246 #7738]  INFO -- : OK! BOLOGNA collected correctly
I, [2016-03-21T12:48:32.583555 #7738]  INFO -- : OK! BOLZANO BOZEN collected correctly
I, [2016-03-21T12:48:34.230442 #7738]  INFO -- : OK! BRESCIA collected correctly
I, [2016-03-21T12:48:34.689793 #7738]  INFO -- : OK! BRINDISI collected correctly
I, [2016-03-21T12:48:35.203791 #7738]  INFO -- : OK! CAGLIARI collected correctly
I, [2016-03-21T12:48:35.706977 #7738]  INFO -- : OK! CALTANISSETTA collected correctly
I, [2016-03-21T12:48:36.224910 #7738]  INFO -- : OK! CAMPOBASSO collected correctly
I, [2016-03-21T12:48:36.711023 #7738]  INFO -- : OK! CARBONIA-IGLESIAS collected correctly
I, [2016-03-21T12:48:37.214500 #7738]  INFO -- : OK! CASERTA collected correctly
I, [2016-03-21T12:48:37.702948 #7738]  INFO -- : OK! CATANIA collected correctly
I, [2016-03-21T12:48:38.237552 #7738]  INFO -- : OK! CATANZARO collected correctly
I, [2016-03-21T12:48:38.742890 #7738]  INFO -- : OK! CHIETI collected correctly
I, [2016-03-21T12:48:39.298696 #7738]  INFO -- : OK! COMO collected correctly
I, [2016-03-21T12:48:40.407022 #7738]  INFO -- : OK! COSENZA collected correctly
I, [2016-03-21T12:48:40.943046 #7738]  INFO -- : OK! CREMONA collected correctly
I, [2016-03-21T12:48:41.414931 #7738]  INFO -- : OK! CROTONE collected correctly
I, [2016-03-21T12:48:41.944199 #7738]  INFO -- : OK! CUNEO collected correctly
I, [2016-03-21T12:48:42.400757 #7738]  INFO -- : OK! ENNA collected correctly
I, [2016-03-21T12:48:42.876915 #7738]  INFO -- : OK! FERMO collected correctly
I, [2016-03-21T12:48:43.352525 #7738]  INFO -- : OK! FERRARA collected correctly
I, [2016-03-21T12:48:43.849603 #7738]  INFO -- : OK! FIRENZE collected correctly
I, [2016-03-21T12:48:44.325726 #7738]  INFO -- : OK! FIUME collected correctly
I, [2016-03-21T12:48:45.128010 #7738]  INFO -- : OK! FOGGIA collected correctly
I, [2016-03-21T12:48:45.772000 #7738]  INFO -- : OK! FORLI' collected correctly
I, [2016-03-21T12:48:46.248942 #7738]  INFO -- : OK! FORLI'-CESENA collected correctly
I, [2016-03-21T12:48:46.748475 #7738]  INFO -- : OK! FROSINONE collected correctly
I, [2016-03-21T12:48:47.259943 #7738]  INFO -- : OK! GENOVA collected correctly
I, [2016-03-21T12:48:47.790167 #7738]  INFO -- : OK! GORIZIA collected correctly
I, [2016-03-21T12:48:48.261614 #7738]  INFO -- : OK! GROSSETO collected correctly
I, [2016-03-21T12:48:48.769633 #7738]  INFO -- : OK! IMPERIA collected correctly
I, [2016-03-21T12:48:49.235933 #7738]  INFO -- : OK! ISERNIA collected correctly
I, [2016-03-21T12:48:49.751346 #7738]  INFO -- : OK! L'AQUILA collected correctly
I, [2016-03-21T12:48:50.219134 #7738]  INFO -- : OK! LA SPEZIA collected correctly
I, [2016-03-21T12:48:50.705999 #7738]  INFO -- : OK! LATINA collected correctly
I, [2016-03-21T12:48:51.197418 #7738]  INFO -- : OK! LECCE collected correctly
I, [2016-03-21T12:48:51.704750 #7738]  INFO -- : OK! LECCO collected correctly
I, [2016-03-21T12:48:52.195460 #7738]  INFO -- : OK! LIVORNO collected correctly
I, [2016-03-21T12:48:52.660389 #7738]  INFO -- : OK! LODI collected correctly
I, [2016-03-21T12:48:53.123965 #7738]  INFO -- : OK! LUCCA collected correctly
I, [2016-03-21T12:48:53.792282 #7738]  INFO -- : OK! MACERATA collected correctly
I, [2016-03-21T12:48:54.374850 #7738]  INFO -- : OK! MANTOVA collected correctly
I, [2016-03-21T12:48:54.847437 #7738]  INFO -- : OK! MASSA CARRARA collected correctly
I, [2016-03-21T12:48:55.342753 #7738]  INFO -- : OK! MATERA collected correctly
I, [2016-03-21T12:48:55.823026 #7738]  INFO -- : OK! MEDIO CAMPIDANO collected correctly
I, [2016-03-21T12:48:56.355049 #7738]  INFO -- : OK! MESSINA collected correctly
I, [2016-03-21T12:48:57.518789 #7738]  INFO -- : OK! MILANO collected correctly
I, [2016-03-21T12:48:57.999259 #7738]  INFO -- : OK! MODENA collected correctly
I, [2016-03-21T12:48:58.506089 #7738]  INFO -- : OK! MONZA E BRIANZA collected correctly
I, [2016-03-21T12:48:59.025901 #7738]  INFO -- : OK! NAPOLI collected correctly
I, [2016-03-21T12:48:59.579671 #7738]  INFO -- : OK! NOVARA collected correctly
I, [2016-03-21T12:49:00.089374 #7738]  INFO -- : OK! NUORO collected correctly
I, [2016-03-21T12:49:00.563095 #7738]  INFO -- : OK! OGLIASTRA collected correctly
I, [2016-03-21T12:49:01.035443 #7738]  INFO -- : OK! OLBIA-TEMPIO collected correctly
I, [2016-03-21T12:49:01.550945 #7738]  INFO -- : OK! ORISTANO collected correctly
I, [2016-03-21T12:49:02.055326 #7738]  INFO -- : OK! PADOVA collected correctly
I, [2016-03-21T12:49:02.537209 #7738]  INFO -- : OK! PALERMO collected correctly
I, [2016-03-21T12:49:03.020751 #7738]  INFO -- : OK! PARMA collected correctly
I, [2016-03-21T12:49:03.579458 #7738]  INFO -- : OK! PAVIA collected correctly
I, [2016-03-21T12:49:04.084184 #7738]  INFO -- : OK! PERUGIA collected correctly
I, [2016-03-21T12:49:04.673545 #7738]  INFO -- : OK! PESARO collected correctly
I, [2016-03-21T12:49:05.177242 #7738]  INFO -- : OK! PESARO E URBINO collected correctly
I, [2016-03-21T12:49:05.677230 #7738]  INFO -- : OK! PESCARA collected correctly
I, [2016-03-21T12:49:06.193677 #7738]  INFO -- : OK! PIACENZA collected correctly
I, [2016-03-21T12:49:07.458931 #7738]  INFO -- : OK! PISA collected correctly
I, [2016-03-21T12:49:07.919464 #7738]  INFO -- : OK! PISTOIA collected correctly
I, [2016-03-21T12:49:08.633126 #7738]  INFO -- : OK! POLA collected correctly
I, [2016-03-21T12:49:09.123390 #7738]  INFO -- : OK! PORDENONE collected correctly
I, [2016-03-21T12:49:09.616456 #7738]  INFO -- : OK! POTENZA collected correctly
I, [2016-03-21T12:49:10.076646 #7738]  INFO -- : OK! PRATO collected correctly
I, [2016-03-21T12:49:10.545987 #7738]  INFO -- : OK! RAGUSA collected correctly
I, [2016-03-21T12:49:11.017229 #7738]  INFO -- : OK! RAVENNA collected correctly
I, [2016-03-21T12:49:11.531181 #7738]  INFO -- : OK! REGGIO CALABRIA collected correctly
I, [2016-03-21T12:49:12.007359 #7738]  INFO -- : OK! REGGIO EMILIA collected correctly
I, [2016-03-21T12:49:12.491694 #7738]  INFO -- : OK! RIETI collected correctly
I, [2016-03-21T12:49:12.952776 #7738]  INFO -- : OK! RIMINI collected correctly
I, [2016-03-21T12:49:13.460104 #7738]  INFO -- : OK! ROMA collected correctly
I, [2016-03-21T12:49:13.966361 #7738]  INFO -- : OK! ROVIGO collected correctly
I, [2016-03-21T12:49:14.479052 #7738]  INFO -- : OK! SALERNO collected correctly
I, [2016-03-21T12:49:14.988274 #7738]  INFO -- : OK! SASSARI collected correctly
I, [2016-03-21T12:49:15.485403 #7738]  INFO -- : OK! SAVONA collected correctly
I, [2016-03-21T12:49:15.976928 #7738]  INFO -- : OK! SIENA collected correctly
I, [2016-03-21T12:49:16.451224 #7738]  INFO -- : OK! SIRACUSA collected correctly
I, [2016-03-21T12:49:16.957823 #7738]  INFO -- : OK! SONDRIO collected correctly
I, [2016-03-21T12:49:17.425418 #7738]  INFO -- : OK! TARANTO collected correctly
I, [2016-03-21T12:49:17.897833 #7738]  INFO -- : OK! TERAMO collected correctly
I, [2016-03-21T12:49:18.386191 #7738]  INFO -- : OK! TERNI collected correctly
I, [2016-03-21T12:49:18.935562 #7738]  INFO -- : OK! TORINO collected correctly
I, [2016-03-21T12:49:19.413707 #7738]  INFO -- : OK! TRAPANI collected correctly
I, [2016-03-21T12:49:19.984565 #7738]  INFO -- : OK! TRENTO collected correctly
I, [2016-03-21T12:49:20.925968 #7738]  INFO -- : OK! TREVISO collected correctly
I, [2016-03-21T12:49:21.405071 #7738]  INFO -- : OK! TRIESTE collected correctly
I, [2016-03-21T12:49:21.923314 #7738]  INFO -- : OK! UDINE collected correctly
I, [2016-03-21T12:49:22.463996 #7738]  INFO -- : OK! VARESE collected correctly
I, [2016-03-21T12:49:23.335182 #7738]  INFO -- : OK! VENEZIA collected correctly
I, [2016-03-21T12:49:23.822270 #7738]  INFO -- : OK! VERBANO-CUSIO-OSSOLA collected correctly
I, [2016-03-21T12:49:24.377328 #7738]  INFO -- : OK! VERCELLI collected correctly
I, [2016-03-21T12:49:24.904302 #7738]  INFO -- : OK! VERONA collected correctly
I, [2016-03-21T12:49:25.414375 #7738]  INFO -- : OK! VIBO VALENTIA collected correctly
I, [2016-03-21T12:49:26.155408 #7738]  INFO -- : OK! VICENZA collected correctly
I, [2016-03-21T12:49:26.896481 #7738]  INFO -- : OK! VITERBO collected correctly
I, [2016-03-21T12:49:27.902159 #7738]  INFO -- : OK! ZARA collected correctly
I, [2016-03-21T12:49:28.447994 #7738]  INFO -- : OK! STATO ESTERO collected correctly
I, [2016-03-21T12:51:36.752177 #7803]  INFO -- : OK! Provinces collected correctly
I, [2016-03-21T12:51:36.932756 #7803]  INFO -- : OK! AGRIGENTO collected correctly
I, [2016-03-21T12:51:37.467295 #7803]  INFO -- : OK! ALESSANDRIA collected correctly
I, [2016-03-21T12:51:38.004083 #7803]  INFO -- : OK! ANCONA collected correctly
I, [2016-03-21T12:51:38.811289 #7803]  INFO -- : OK! AOSTA collected correctly
I, [2016-03-21T12:51:39.315637 #7803]  INFO -- : OK! AREZZO collected correctly
I, [2016-03-21T12:51:39.802899 #7803]  INFO -- : OK! ASCOLI PICENO collected correctly
I, [2016-03-21T12:51:40.334034 #7803]  INFO -- : OK! ASTI collected correctly
I, [2016-03-21T12:51:40.844787 #7803]  INFO -- : OK! AVELLINO collected correctly
I, [2016-03-21T12:51:41.346593 #7803]  INFO -- : OK! BARI collected correctly
I, [2016-03-21T12:51:41.803568 #7803]  INFO -- : OK! BARLETTA-ANDRIA-TRANI collected correctly
I, [2016-03-21T12:51:42.307661 #7803]  INFO -- : OK! BELLUNO collected correctly
I, [2016-03-21T12:51:42.794377 #7803]  INFO -- : OK! BENEVENTO collected correctly
I, [2016-03-21T12:51:43.967532 #7803]  INFO -- : OK! BERGAMO collected correctly
I, [2016-03-21T12:51:44.490822 #7803]  INFO -- : OK! BIELLA collected correctly
I, [2016-03-21T12:51:45.032397 #7803]  INFO -- : OK! BOLOGNA collected correctly
I, [2016-03-21T12:51:45.566138 #7803]  INFO -- : OK! BOLZANO BOZEN collected correctly
I, [2016-03-21T12:51:46.650325 #7803]  INFO -- : OK! BRESCIA collected correctly
I, [2016-03-21T12:51:47.133414 #7803]  INFO -- : OK! BRINDISI collected correctly
I, [2016-03-21T12:51:47.659823 #7803]  INFO -- : OK! CAGLIARI collected correctly
I, [2016-03-21T12:51:48.139244 #7803]  INFO -- : OK! CALTANISSETTA collected correctly
I, [2016-03-21T12:51:48.645159 #7803]  INFO -- : OK! CAMPOBASSO collected correctly
I, [2016-03-21T12:51:49.125965 #7803]  INFO -- : OK! CARBONIA-IGLESIAS collected correctly
I, [2016-03-21T12:51:49.633137 #7803]  INFO -- : OK! CASERTA collected correctly
I, [2016-03-21T12:51:50.117952 #7803]  INFO -- : OK! CATANIA collected correctly
I, [2016-03-21T12:51:50.631421 #7803]  INFO -- : OK! CATANZARO collected correctly
I, [2016-03-21T12:51:51.111210 #7803]  INFO -- : OK! CHIETI collected correctly
I, [2016-03-21T12:51:51.664683 #7803]  INFO -- : OK! COMO collected correctly
I, [2016-03-21T12:51:52.173995 #7803]  INFO -- : OK! COSENZA collected correctly
I, [2016-03-21T12:51:52.686259 #7803]  INFO -- : OK! CREMONA collected correctly
I, [2016-03-21T12:51:53.161348 #7803]  INFO -- : OK! CROTONE collected correctly
I, [2016-03-21T12:51:53.754440 #7803]  INFO -- : OK! CUNEO collected correctly
I, [2016-03-21T12:51:54.232554 #7803]  INFO -- : OK! ENNA collected correctly
I, [2016-03-21T12:51:54.714995 #7803]  INFO -- : OK! FERMO collected correctly
I, [2016-03-21T12:51:55.186671 #7803]  INFO -- : OK! FERRARA collected correctly
I, [2016-03-21T12:51:55.687691 #7803]  INFO -- : OK! FIRENZE collected correctly
I, [2016-03-21T12:51:56.168113 #7803]  INFO -- : OK! FIUME collected correctly
I, [2016-03-21T12:51:56.651008 #7803]  INFO -- : OK! FOGGIA collected correctly
I, [2016-03-21T12:51:57.129302 #7803]  INFO -- : OK! FORLI' collected correctly
I, [2016-03-21T12:51:57.609185 #7803]  INFO -- : OK! FORLI'-CESENA collected correctly
I, [2016-03-21T12:51:58.097048 #7803]  INFO -- : OK! FROSINONE collected correctly
I, [2016-03-21T12:51:58.593236 #7803]  INFO -- : OK! GENOVA collected correctly
I, [2016-03-21T12:51:59.095606 #7803]  INFO -- : OK! GORIZIA collected correctly
I, [2016-03-21T12:51:59.566596 #7803]  INFO -- : OK! GROSSETO collected correctly
I, [2016-03-21T12:52:00.066424 #7803]  INFO -- : OK! IMPERIA collected correctly
I, [2016-03-21T12:52:00.570704 #7803]  INFO -- : OK! ISERNIA collected correctly
I, [2016-03-21T12:52:01.090109 #7803]  INFO -- : OK! L'AQUILA collected correctly
I, [2016-03-21T12:52:01.570936 #7803]  INFO -- : OK! LA SPEZIA collected correctly
I, [2016-03-21T12:52:02.053091 #7803]  INFO -- : OK! LATINA collected correctly
I, [2016-03-21T12:52:02.546982 #7803]  INFO -- : OK! LECCE collected correctly
I, [2016-03-21T12:52:03.071572 #7803]  INFO -- : OK! LECCO collected correctly
I, [2016-03-21T12:52:03.533887 #7803]  INFO -- : OK! LIVORNO collected correctly
I, [2016-03-21T12:52:04.022537 #7803]  INFO -- : OK! LODI collected correctly
I, [2016-03-21T12:52:04.526740 #7803]  INFO -- : OK! LUCCA collected correctly
I, [2016-03-21T12:52:05.012588 #7803]  INFO -- : OK! MACERATA collected correctly
I, [2016-03-21T12:52:05.497632 #7803]  INFO -- : OK! MANTOVA collected correctly
I, [2016-03-21T12:52:05.990727 #7803]  INFO -- : OK! MASSA CARRARA collected correctly
I, [2016-03-21T12:52:06.458246 #7803]  INFO -- : OK! MATERA collected correctly
I, [2016-03-21T12:52:06.948359 #7803]  INFO -- : OK! MEDIO CAMPIDANO collected correctly
I, [2016-03-21T12:52:07.460832 #7803]  INFO -- : OK! MESSINA collected correctly
I, [2016-03-21T12:52:08.170792 #7803]  INFO -- : OK! MILANO collected correctly
I, [2016-03-21T12:52:08.674726 #7803]  INFO -- : OK! MODENA collected correctly
I, [2016-03-21T12:52:09.167177 #7803]  INFO -- : OK! MONZA E BRIANZA collected correctly
I, [2016-03-21T12:52:09.689429 #7803]  INFO -- : OK! NAPOLI collected correctly
I, [2016-03-21T12:52:10.200922 #7803]  INFO -- : OK! NOVARA collected correctly
I, [2016-03-21T12:52:10.739754 #7803]  INFO -- : OK! NUORO collected correctly
I, [2016-03-21T12:52:11.216510 #7803]  INFO -- : OK! OGLIASTRA collected correctly
I, [2016-03-21T12:52:11.695660 #7803]  INFO -- : OK! OLBIA-TEMPIO collected correctly
I, [2016-03-21T12:52:12.196316 #7803]  INFO -- : OK! ORISTANO collected correctly
I, [2016-03-21T12:52:12.700173 #7803]  INFO -- : OK! PADOVA collected correctly
I, [2016-03-21T12:52:13.743643 #7803]  INFO -- : OK! PALERMO collected correctly
I, [2016-03-21T12:52:14.235100 #7803]  INFO -- : OK! PARMA collected correctly
I, [2016-03-21T12:52:14.773261 #7803]  INFO -- : OK! PAVIA collected correctly
I, [2016-03-21T12:52:15.254897 #7803]  INFO -- : OK! PERUGIA collected correctly
I, [2016-03-21T12:52:15.759447 #7803]  INFO -- : OK! PESARO collected correctly
I, [2016-03-21T12:52:16.243878 #7803]  INFO -- : OK! PESARO E URBINO collected correctly
I, [2016-03-21T12:52:16.741063 #7803]  INFO -- : OK! PESCARA collected correctly
I, [2016-03-21T12:52:17.246859 #7803]  INFO -- : OK! PIACENZA collected correctly
I, [2016-03-21T12:52:17.736354 #7803]  INFO -- : OK! PISA collected correctly
I, [2016-03-21T12:52:18.203335 #7803]  INFO -- : OK! PISTOIA collected correctly
I, [2016-03-21T12:52:18.698018 #7803]  INFO -- : OK! POLA collected correctly
I, [2016-03-21T12:52:19.192260 #7803]  INFO -- : OK! PORDENONE collected correctly
I, [2016-03-21T12:52:19.706279 #7803]  INFO -- : OK! POTENZA collected correctly
I, [2016-03-21T12:52:20.177573 #7803]  INFO -- : OK! PRATO collected correctly
I, [2016-03-21T12:52:20.635528 #7803]  INFO -- : OK! RAGUSA collected correctly
I, [2016-03-21T12:52:21.103034 #7803]  INFO -- : OK! RAVENNA collected correctly
I, [2016-03-21T12:52:21.587769 #7803]  INFO -- : OK! REGGIO CALABRIA collected correctly
I, [2016-03-21T12:52:22.091327 #7803]  INFO -- : OK! REGGIO EMILIA collected correctly
I, [2016-03-21T12:52:22.574077 #7803]  INFO -- : OK! RIETI collected correctly
I, [2016-03-21T12:52:23.059008 #7803]  INFO -- : OK! RIMINI collected correctly
I, [2016-03-21T12:52:23.565592 #7803]  INFO -- : OK! ROMA collected correctly
I, [2016-03-21T12:52:24.045806 #7803]  INFO -- : OK! ROVIGO collected correctly
I, [2016-03-21T12:52:24.566079 #7803]  INFO -- : OK! SALERNO collected correctly
I, [2016-03-21T12:52:25.063290 #7803]  INFO -- : OK! SASSARI collected correctly
I, [2016-03-21T12:52:25.567937 #7803]  INFO -- : OK! SAVONA collected correctly
I, [2016-03-21T12:52:26.052622 #7803]  INFO -- : OK! SIENA collected correctly
I, [2016-03-21T12:52:26.571638 #7803]  INFO -- : OK! SIRACUSA collected correctly
I, [2016-03-21T12:52:27.070116 #7803]  INFO -- : OK! SONDRIO collected correctly
I, [2016-03-21T12:52:27.554483 #7803]  INFO -- : OK! TARANTO collected correctly
I, [2016-03-21T12:52:28.042964 #7803]  INFO -- : OK! TERAMO collected correctly
I, [2016-03-21T12:52:28.726411 #7803]  INFO -- : OK! TERNI collected correctly
I, [2016-03-21T12:52:29.282987 #7803]  INFO -- : OK! TORINO collected correctly
I, [2016-03-21T12:52:29.749202 #7803]  INFO -- : OK! TRAPANI collected correctly
I, [2016-03-21T12:52:30.304038 #7803]  INFO -- : OK! TRENTO collected correctly
I, [2016-03-21T12:52:30.799076 #7803]  INFO -- : OK! TREVISO collected correctly
I, [2016-03-21T12:52:31.302776 #7803]  INFO -- : OK! TRIESTE collected correctly
I, [2016-03-21T12:52:31.851057 #7803]  INFO -- : OK! UDINE collected correctly
I, [2016-03-21T12:52:32.390819 #7803]  INFO -- : OK! VARESE collected correctly
I, [2016-03-21T12:52:32.880437 #7803]  INFO -- : OK! VENEZIA collected correctly
I, [2016-03-21T12:52:33.365946 #7803]  INFO -- : OK! VERBANO-CUSIO-OSSOLA collected correctly
I, [2016-03-21T12:52:33.917581 #7803]  INFO -- : OK! VERCELLI collected correctly
I, [2016-03-21T12:52:34.426334 #7803]  INFO -- : OK! VERONA collected correctly
I, [2016-03-21T12:52:35.074639 #7803]  INFO -- : OK! VIBO VALENTIA collected correctly
I, [2016-03-21T12:52:35.564189 #7803]  INFO -- : OK! VICENZA collected correctly
I, [2016-03-21T12:52:36.047154 #7803]  INFO -- : OK! VITERBO collected correctly
I, [2016-03-21T12:52:36.510796 #7803]  INFO -- : OK! ZARA collected correctly
I, [2016-03-21T12:52:37.042393 #7803]  INFO -- : OK! STATO ESTERO collected correctly
I, [2016-03-21T12:53:27.330293 #7837]  INFO -- : OK! Provinces collected correctly
I, [2016-03-21T12:53:27.474352 #7837]  INFO -- : OK! AGRIGENTO collected correctly
I, [2016-03-21T12:53:27.999701 #7837]  INFO -- : OK! ALESSANDRIA collected correctly
I, [2016-03-21T12:53:28.492654 #7837]  INFO -- : OK! ANCONA collected correctly
I, [2016-03-21T12:53:28.984053 #7837]  INFO -- : OK! AOSTA collected correctly
I, [2016-03-21T12:53:29.459297 #7837]  INFO -- : OK! AREZZO collected correctly
I, [2016-03-21T12:53:29.930658 #7837]  INFO -- : OK! ASCOLI PICENO collected correctly
I, [2016-03-21T12:53:30.438934 #7837]  INFO -- : OK! ASTI collected correctly
I, [2016-03-21T12:53:30.946064 #7837]  INFO -- : OK! AVELLINO collected correctly
I, [2016-03-21T12:53:31.430745 #7837]  INFO -- : OK! BARI collected correctly
I, [2016-03-21T12:53:31.888049 #7837]  INFO -- : OK! BARLETTA-ANDRIA-TRANI collected correctly
I, [2016-03-21T12:53:32.359399 #7837]  INFO -- : OK! BELLUNO collected correctly
I, [2016-03-21T12:53:32.877315 #7837]  INFO -- : OK! BENEVENTO collected correctly
I, [2016-03-21T12:53:33.432985 #7837]  INFO -- : OK! BERGAMO collected correctly
I, [2016-03-21T12:53:33.922923 #7837]  INFO -- : OK! BIELLA collected correctly
I, [2016-03-21T12:53:34.417514 #7837]  INFO -- : OK! BOLOGNA collected correctly
I, [2016-03-21T12:53:34.945187 #7837]  INFO -- : OK! BOLZANO BOZEN collected correctly
I, [2016-03-21T12:53:35.478167 #7837]  INFO -- : OK! BRESCIA collected correctly
I, [2016-03-21T12:53:35.956004 #7837]  INFO -- : OK! BRINDISI collected correctly
I, [2016-03-21T12:53:36.664482 #7837]  INFO -- : OK! CAGLIARI collected correctly
I, [2016-03-21T12:53:37.123152 #7837]  INFO -- : OK! CALTANISSETTA collected correctly
I, [2016-03-21T12:53:37.630224 #7837]  INFO -- : OK! CAMPOBASSO collected correctly
I, [2016-03-21T12:53:38.097371 #7837]  INFO -- : OK! CARBONIA-IGLESIAS collected correctly
I, [2016-03-21T12:53:38.633789 #7837]  INFO -- : OK! CASERTA collected correctly
I, [2016-03-21T12:53:39.119833 #7837]  INFO -- : OK! CATANIA collected correctly
I, [2016-03-21T12:53:39.676305 #7837]  INFO -- : OK! CATANZARO collected correctly
I, [2016-03-21T12:53:40.187425 #7837]  INFO -- : OK! CHIETI collected correctly
I, [2016-03-21T12:53:40.757098 #7837]  INFO -- : OK! COMO collected correctly
I, [2016-03-21T12:53:41.269079 #7837]  INFO -- : OK! COSENZA collected correctly
I, [2016-03-21T12:53:41.810154 #7837]  INFO -- : OK! CREMONA collected correctly
I, [2016-03-21T12:53:42.297670 #7837]  INFO -- : OK! CROTONE collected correctly
I, [2016-03-21T12:53:42.825042 #7837]  INFO -- : OK! CUNEO collected correctly
I, [2016-03-21T12:53:43.316381 #7837]  INFO -- : OK! ENNA collected correctly
I, [2016-03-21T12:53:43.820448 #7837]  INFO -- : OK! FERMO collected correctly
I, [2016-03-21T12:53:44.296140 #7837]  INFO -- : OK! FERRARA collected correctly
I, [2016-03-21T12:53:44.791746 #7837]  INFO -- : OK! FIRENZE collected correctly
I, [2016-03-21T12:53:45.266447 #7837]  INFO -- : OK! FIUME collected correctly
I, [2016-03-21T12:53:45.762629 #7837]  INFO -- : OK! FOGGIA collected correctly
I, [2016-03-21T12:53:46.257004 #7837]  INFO -- : OK! FORLI' collected correctly
I, [2016-03-21T12:53:46.728315 #7837]  INFO -- : OK! FORLI'-CESENA collected correctly
I, [2016-03-21T12:53:47.243177 #7837]  INFO -- : OK! FROSINONE collected correctly
I, [2016-03-21T12:53:47.735330 #7837]  INFO -- : OK! GENOVA collected correctly
I, [2016-03-21T12:53:48.234968 #7837]  INFO -- : OK! GORIZIA collected correctly
I, [2016-03-21T12:53:48.711128 #7837]  INFO -- : OK! GROSSETO collected correctly
I, [2016-03-21T12:53:49.244645 #7837]  INFO -- : OK! IMPERIA collected correctly
I, [2016-03-21T12:53:49.724733 #7837]  INFO -- : OK! ISERNIA collected correctly
I, [2016-03-21T12:53:50.244279 #7837]  INFO -- : OK! L'AQUILA collected correctly
I, [2016-03-21T12:53:50.722724 #7837]  INFO -- : OK! LA SPEZIA collected correctly
I, [2016-03-21T12:53:51.191861 #7837]  INFO -- : OK! LATINA collected correctly
I, [2016-03-21T12:53:51.707331 #7837]  INFO -- : OK! LECCE collected correctly
I, [2016-03-21T12:53:52.213669 #7837]  INFO -- : OK! LECCO collected correctly
I, [2016-03-21T12:53:53.031713 #7837]  INFO -- : OK! LIVORNO collected correctly
I, [2016-03-21T12:53:53.763219 #7837]  INFO -- : OK! LODI collected correctly
I, [2016-03-21T12:53:54.237029 #7837]  INFO -- : OK! LUCCA collected correctly
I, [2016-03-21T12:53:54.708600 #7837]  INFO -- : OK! MACERATA collected correctly
I, [2016-03-21T12:53:55.193893 #7837]  INFO -- : OK! MANTOVA collected correctly
I, [2016-03-21T12:53:55.674802 #7837]  INFO -- : OK! MASSA CARRARA collected correctly
I, [2016-03-21T12:53:56.139449 #7837]  INFO -- : OK! MATERA collected correctly
I, [2016-03-21T12:53:56.600761 #7837]  INFO -- : OK! MEDIO CAMPIDANO collected correctly
I, [2016-03-21T12:53:57.116522 #7837]  INFO -- : OK! MESSINA collected correctly
I, [2016-03-21T12:53:57.707109 #7837]  INFO -- : OK! MILANO collected correctly
I, [2016-03-21T12:53:58.187657 #7837]  INFO -- : OK! MODENA collected correctly
I, [2016-03-21T12:53:58.683684 #7837]  INFO -- : OK! MONZA E BRIANZA collected correctly
I, [2016-03-21T12:53:59.193478 #7837]  INFO -- : OK! NAPOLI collected correctly
I, [2016-03-21T12:53:59.736863 #7837]  INFO -- : OK! NOVARA collected correctly
I, [2016-03-21T12:54:00.231507 #7837]  INFO -- : OK! NUORO collected correctly
I, [2016-03-21T12:54:00.697155 #7837]  INFO -- : OK! OGLIASTRA collected correctly
I, [2016-03-21T12:54:01.165170 #7837]  INFO -- : OK! OLBIA-TEMPIO collected correctly
I, [2016-03-21T12:54:01.656074 #7837]  INFO -- : OK! ORISTANO collected correctly
I, [2016-03-21T12:54:02.154731 #7837]  INFO -- : OK! PADOVA collected correctly
I, [2016-03-21T12:54:02.642836 #7837]  INFO -- : OK! PALERMO collected correctly
I, [2016-03-21T12:54:03.124490 #7837]  INFO -- : OK! PARMA collected correctly
I, [2016-03-21T12:54:03.662112 #7837]  INFO -- : OK! PAVIA collected correctly
I, [2016-03-21T12:54:04.151484 #7837]  INFO -- : OK! PERUGIA collected correctly
I, [2016-03-21T12:54:04.649179 #7837]  INFO -- : OK! PESARO collected correctly
I, [2016-03-21T12:54:05.140486 #7837]  INFO -- : OK! PESARO E URBINO collected correctly
I, [2016-03-21T12:54:05.626297 #7837]  INFO -- : OK! PESCARA collected correctly
I, [2016-03-21T12:54:06.106543 #7837]  INFO -- : OK! PIACENZA collected correctly
I, [2016-03-21T12:54:06.584972 #7837]  INFO -- : OK! PISA collected correctly
I, [2016-03-21T12:54:07.060903 #7837]  INFO -- : OK! PISTOIA collected correctly
I, [2016-03-21T12:54:07.536383 #7837]  INFO -- : OK! POLA collected correctly
I, [2016-03-21T12:54:08.020649 #7837]  INFO -- : OK! PORDENONE collected correctly
I, [2016-03-21T12:54:08.521037 #7837]  INFO -- : OK! POTENZA collected correctly
I, [2016-03-21T12:54:08.987716 #7837]  INFO -- : OK! PRATO collected correctly
I, [2016-03-21T12:54:09.453041 #7837]  INFO -- : OK! RAGUSA collected correctly
I, [2016-03-21T12:54:09.918834 #7837]  INFO -- : OK! RAVENNA collected correctly
I, [2016-03-21T12:54:10.423735 #7837]  INFO -- : OK! REGGIO CALABRIA collected correctly
I, [2016-03-21T12:54:10.909892 #7837]  INFO -- : OK! REGGIO EMILIA collected correctly
I, [2016-03-21T12:54:11.408740 #7837]  INFO -- : OK! RIETI collected correctly
I, [2016-03-21T12:54:11.879949 #7837]  INFO -- : OK! RIMINI collected correctly
I, [2016-03-21T12:54:12.374946 #7837]  INFO -- : OK! ROMA collected correctly
I, [2016-03-21T12:54:12.858506 #7837]  INFO -- : OK! ROVIGO collected correctly
I, [2016-03-21T12:54:13.373440 #7837]  INFO -- : OK! SALERNO collected correctly
I, [2016-03-21T12:54:13.871084 #7837]  INFO -- : OK! SASSARI collected correctly
I, [2016-03-21T12:54:14.377688 #7837]  INFO -- : OK! SAVONA collected correctly
I, [2016-03-21T12:54:14.868012 #7837]  INFO -- : OK! SIENA collected correctly
I, [2016-03-21T12:54:15.346995 #7837]  INFO -- : OK! SIRACUSA collected correctly
I, [2016-03-21T12:54:15.834767 #7837]  INFO -- : OK! SONDRIO collected correctly
I, [2016-03-21T12:54:16.334458 #7837]  INFO -- : OK! TARANTO collected correctly
I, [2016-03-21T12:54:16.825134 #7837]  INFO -- : OK! TERAMO collected correctly
I, [2016-03-21T12:54:17.318314 #7837]  INFO -- : OK! TERNI collected correctly
I, [2016-03-21T12:54:17.902247 #7837]  INFO -- : OK! TORINO collected correctly
I, [2016-03-21T12:54:18.383679 #7837]  INFO -- : OK! TRAPANI collected correctly
I, [2016-03-21T12:54:18.955589 #7837]  INFO -- : OK! TRENTO collected correctly
I, [2016-03-21T12:54:19.447405 #7837]  INFO -- : OK! TREVISO collected correctly
I, [2016-03-21T12:54:19.935604 #7837]  INFO -- : OK! TRIESTE collected correctly
I, [2016-03-21T12:54:20.478490 #7837]  INFO -- : OK! UDINE collected correctly
I, [2016-03-21T12:54:21.015877 #7837]  INFO -- : OK! VARESE collected correctly
I, [2016-03-21T12:54:21.497496 #7837]  INFO -- : OK! VENEZIA collected correctly
I, [2016-03-21T12:54:22.062561 #7837]  INFO -- : OK! VERBANO-CUSIO-OSSOLA collected correctly
I, [2016-03-21T12:54:22.578699 #7837]  INFO -- : OK! VERCELLI collected correctly
I, [2016-03-21T12:54:23.083127 #7837]  INFO -- : OK! VERONA collected correctly
I, [2016-03-21T12:54:23.562612 #7837]  INFO -- : OK! VIBO VALENTIA collected correctly
I, [2016-03-21T12:54:24.051076 #7837]  INFO -- : OK! VICENZA collected correctly
I, [2016-03-21T12:54:24.556365 #7837]  INFO -- : OK! VITERBO collected correctly
I, [2016-03-21T12:54:25.020204 #7837]  INFO -- : OK! ZARA collected correctly
I, [2016-03-21T12:54:26.062180 #7837]  INFO -- : OK! STATO ESTERO collected correctly
