I, [2016-02-26T18:32:04.553220 #32404]  INFO -- : OK	Agliè	TO	10011
I, [2016-02-26T18:32:08.834794 #32404]  INFO -- : OK	Airasca	TO	10060
I, [2016-02-26T18:32:14.721366 #32416]  INFO -- : OK	Agliè	TO	10011
I, [2016-02-26T18:32:19.015547 #32416]  INFO -- : OK	Airasca	TO	10060
I, [2016-02-26T18:32:23.303690 #32416]  INFO -- : OK	Ala di Stura	TO	10070
I, [2016-02-26T18:32:27.612241 #32416]  INFO -- : OK	Albiano d'Ivrea	TO	10010
I, [2016-02-26T18:32:31.916155 #32416]  INFO -- : OK	Alice Superiore	TO	10010
I, [2016-02-26T18:32:36.259559 #32416]  INFO -- : OK	Almese	TO	10040
I, [2016-02-26T18:32:40.523073 #32416]  INFO -- : OK	Alpette	TO	10080
I, [2016-02-26T18:32:44.765521 #32416]  INFO -- : OK	Alpignano	TO	10091
I, [2016-02-26T18:32:49.011560 #32416]  INFO -- : OK	Andezeno	TO	10020
I, [2016-02-26T18:32:53.276454 #32416]  INFO -- : OK	Andrate	TO	10010
I, [2016-02-26T18:32:57.593668 #32416]  INFO -- : OK	Angrogna	TO	10060
I, [2016-02-26T18:33:01.858942 #32416]  INFO -- : OK	Arignano	TO	10020
I, [2016-02-26T18:33:06.112688 #32416]  INFO -- : OK	Avigliana	TO	10051
I, [2016-02-26T18:33:10.406718 #32416]  INFO -- : OK	Azeglio	TO	10010
I, [2016-02-26T18:33:14.614853 #32416]  INFO -- : OK	Bairo	TO	10010
I, [2016-02-26T18:33:18.830822 #32416]  INFO -- : OK	Balangero	TO	10070
I, [2016-02-26T18:33:23.034072 #32416]  INFO -- : OK	Baldissero Canavese	TO	10080
I, [2016-02-26T18:33:27.261033 #32416]  INFO -- : OK	Baldissero Torinese	TO	10020
I, [2016-02-26T18:33:31.532492 #32416]  INFO -- : OK	Balme	TO	10070
I, [2016-02-26T18:33:35.821152 #32416]  INFO -- : OK	Banchette	TO	10010
I, [2016-02-26T18:33:40.070997 #32416]  INFO -- : OK	Barbania	TO	10070
I, [2016-02-26T18:33:44.322768 #32416]  INFO -- : OK	Bardonecchia	TO	10052
I, [2016-02-26T18:33:48.580898 #32416]  INFO -- : OK	Barone Canavese	TO	10010
I, [2016-02-26T18:33:52.840495 #32416]  INFO -- : OK	Beinasco	TO	10092
I, [2016-02-26T18:33:57.123750 #32416]  INFO -- : OK	Bibiana	TO	10060
I, [2016-02-26T18:34:01.394485 #32416]  INFO -- : OK	Bobbio Pellice	TO	10060
I, [2016-02-26T18:34:05.724892 #32416]  INFO -- : OK	Bollengo	TO	10012
I, [2016-02-26T18:34:09.984339 #32416]  INFO -- : OK	Borgaro Torinese	TO	10071
I, [2016-02-26T18:34:14.188376 #32416]  INFO -- : OK	Borgiallo	TO	10080
I, [2016-02-26T18:34:18.451725 #32416]  INFO -- : OK	Borgofranco d'Ivrea	TO	10013
I, [2016-02-26T18:34:22.762997 #32416]  INFO -- : OK	Borgomasino	TO	10031
I, [2016-02-26T18:34:27.062758 #32416]  INFO -- : OK	Borgone Susa	TO	10050
I, [2016-02-26T18:34:31.350832 #32416]  INFO -- : OK	Bosconero	TO	10080
I, [2016-02-26T18:34:35.666956 #32416]  INFO -- : OK	Brandizzo	TO	10032
I, [2016-02-26T18:34:39.899377 #32416]  INFO -- : OK	Bricherasio	TO	10060
I, [2016-02-26T18:34:44.140670 #32416]  INFO -- : OK	Brosso	TO	10080
I, [2016-02-26T18:34:48.381172 #32416]  INFO -- : OK	Brozolo	TO	10020
I, [2016-02-26T18:34:52.681366 #32416]  INFO -- : OK	Bruino	TO	10090
I, [2016-02-26T18:34:56.926346 #32416]  INFO -- : OK	Brusasco	TO	10020
I, [2016-02-26T18:35:01.219203 #32416]  INFO -- : OK	Bruzolo	TO	10050
I, [2016-02-26T18:35:05.484181 #32416]  INFO -- : OK	Buriasco	TO	10060
I, [2016-02-26T18:35:09.844448 #32416]  INFO -- : OK	Burolo	TO	10010
I, [2016-02-26T18:35:14.068298 #32416]  INFO -- : OK	Busano	TO	10080
I, [2016-02-26T18:35:18.342569 #32416]  INFO -- : OK	Bussoleno	TO	10053
I, [2016-02-26T18:35:22.585401 #32416]  INFO -- : OK	Buttigliera Alta	TO	10090
I, [2016-02-26T18:35:26.816209 #32416]  INFO -- : OK	Cafasse	TO	10070
I, [2016-02-26T18:35:31.279524 #32416]  INFO -- : OK	Caluso	TO	10014
I, [2016-02-26T18:35:35.514373 #32416]  INFO -- : OK	Cambiano	TO	10020
I, [2016-02-26T18:35:39.845870 #32416]  INFO -- : OK	Campiglione Fenile	TO	10060
I, [2016-02-26T18:35:44.146017 #32416]  INFO -- : OK	Candia Canavese	TO	10010
I, [2016-02-26T18:35:48.451226 #32416]  INFO -- : OK	Candiolo	TO	10060
I, [2016-02-26T18:35:52.772793 #32416]  INFO -- : OK	Canischio	TO	10080
I, [2016-02-26T18:35:57.085726 #32416]  INFO -- : OK	Cantalupa	TO	10060
I, [2016-02-26T18:36:01.385116 #32416]  INFO -- : OK	Cantoira	TO	10070
I, [2016-02-26T18:36:05.725789 #32416]  INFO -- : OK	Caprie	TO	10040
I, [2016-02-26T18:36:10.020617 #32416]  INFO -- : OK	Caravino	TO	10010
I, [2016-02-26T18:36:14.307681 #32416]  INFO -- : OK	Carema	TO	10010
I, [2016-02-26T18:36:18.616724 #32416]  INFO -- : OK	Carignano	TO	10041
I, [2016-02-26T18:36:22.960698 #32416]  INFO -- : OK	Carmagnola	TO	10022
I, [2016-02-26T18:36:27.238808 #32416]  INFO -- : OK	Casalborgone	TO	10020
I, [2016-02-26T18:36:31.482943 #32416]  INFO -- : OK	Cascinette d'Ivrea	TO	10010
I, [2016-02-26T18:36:35.741690 #32416]  INFO -- : OK	Caselette	TO	10040
I, [2016-02-26T18:36:40.050841 #32416]  INFO -- : OK	Caselle Torinese	TO	10072
I, [2016-02-26T18:36:44.305663 #32416]  INFO -- : OK	Castagneto Po	TO	10090
I, [2016-02-26T18:36:48.540432 #32416]  INFO -- : OK	Castagnole Piemonte	TO	10060
I, [2016-02-26T18:36:52.836829 #32416]  INFO -- : OK	Castellamonte	TO	10081
I, [2016-02-26T18:36:57.142342 #32416]  INFO -- : OK	Castelnuovo Nigra	TO	10080
I, [2016-02-26T18:37:01.489139 #32416]  INFO -- : OK	Castiglione Torinese	TO	10090
I, [2016-02-26T18:37:05.762797 #32416]  INFO -- : OK	Cavagnolo	TO	10020
I, [2016-02-26T18:37:10.027490 #32416]  INFO -- : OK	Cavour	TO	10061
I, [2016-02-26T18:37:14.338558 #32416]  INFO -- : OK	Cercenasco	TO	10060
I, [2016-02-26T18:37:18.629943 #32416]  INFO -- : OK	Ceres	TO	10070
I, [2016-02-26T18:37:22.956269 #32416]  INFO -- : OK	Ceresole Reale	TO	10080
I, [2016-02-26T18:37:27.201172 #32416]  INFO -- : OK	Cesana Torinese	TO	10054
I, [2016-02-26T18:37:31.514315 #32416]  INFO -- : OK	Chialamberto	TO	10070
I, [2016-02-26T18:37:35.752652 #32416]  INFO -- : OK	Chianocco	TO	10050
I, [2016-02-26T18:37:40.108248 #32416]  INFO -- : OK	Chiaverano	TO	10010
I, [2016-02-26T18:37:44.402270 #32416]  INFO -- : OK	Chieri	TO	10023
I, [2016-02-26T18:37:48.733736 #32416]  INFO -- : OK	Chiesanuova	TO	4789410080
I, [2016-02-26T18:37:53.059153 #32416]  INFO -- : OK	Chiomonte	TO	10050
I, [2016-02-26T18:37:57.270627 #32416]  INFO -- : OK	Chiusa di San Michele	TO	10050
I, [2016-02-26T18:38:01.585699 #32416]  INFO -- : OK	Chivasso	TO	10034
I, [2016-02-26T18:38:05.921784 #32416]  INFO -- : OK	Ciconio	TO	10080
I, [2016-02-26T18:38:10.219138 #32416]  INFO -- : OK	Cintano	TO	10080
I, [2016-02-26T18:38:14.471346 #32416]  INFO -- : OK	Cinzano	TO	10090
I, [2016-02-26T18:38:18.691628 #32416]  INFO -- : OK	Ciriè	TO	10073
I, [2016-02-26T18:38:23.061598 #32416]  INFO -- : OK	Claviere	TO	10050
I, [2016-02-26T18:38:27.354650 #32416]  INFO -- : OK	Coassolo Torinese	TO	10070
I, [2016-02-26T18:38:31.588668 #32416]  INFO -- : OK	Coazze	TO	10050
I, [2016-02-26T18:38:35.871696 #32416]  INFO -- : OK	Collegno	TO	10093
I, [2016-02-26T18:38:40.172191 #32416]  INFO -- : OK	Colleretto Castelnuovo	TO	10080
I, [2016-02-26T18:38:44.484936 #32416]  INFO -- : OK	Colleretto Giacosa	TO	10010
I, [2016-02-26T18:38:48.760999 #32416]  INFO -- : OK	Condove	TO	10055
I, [2016-02-26T18:38:53.096895 #32416]  INFO -- : OK	Corio	TO	10070
I, [2016-02-26T18:38:57.399642 #32416]  INFO -- : OK	Cossano Canavese	TO	10010
I, [2016-02-26T18:39:01.684174 #32416]  INFO -- : OK	Cuceglio	TO	10090
I, [2016-02-26T18:39:05.993648 #32416]  INFO -- : OK	Cumiana	TO	10040
I, [2016-02-26T18:39:10.213774 #32416]  INFO -- : OK	Cuorgnè	TO	10082
I, [2016-02-26T18:39:14.453402 #32416]  INFO -- : OK	Druento	TO	10040
I, [2016-02-26T18:39:18.778063 #32416]  INFO -- : OK	Exilles	TO	10050
I, [2016-02-26T18:39:23.012313 #32416]  INFO -- : OK	Favria	TO	10083
I, [2016-02-26T18:39:27.265065 #32416]  INFO -- : OK	Feletto	TO	10080
I, [2016-02-26T18:39:31.564422 #32416]  INFO -- : OK	Fenestrelle	TO	10060
I, [2016-02-26T18:39:35.818464 #32416]  INFO -- : OK	Fiano	TO	10070
I, [2016-02-26T18:39:40.109585 #32416]  INFO -- : OK	Fiorano Canavese	TO	10010
I, [2016-02-26T18:39:44.422531 #32416]  INFO -- : OK	Foglizzo	TO	10090
I, [2016-02-26T18:39:48.677387 #32416]  INFO -- : OK	Forno Canavese	TO	10084
I, [2016-02-26T18:39:52.984922 #32416]  INFO -- : OK	Frassinetto	TO	10080
I, [2016-03-21T11:21:47.436467 #5150]  INFO -- : OK	Agliè	TO	10011
I, [2017-09-02T16:00:35.194074 #1689]  INFO -- : OK	Agliè	TO	10011
I, [2017-09-02T16:00:39.539229 #1689]  INFO -- : OK	Airasca	TO	10060
I, [2017-09-02T16:00:43.975217 #1689]  INFO -- : OK	Ala di Stura	TO	10070
I, [2017-09-02T16:00:48.534487 #1689]  INFO -- : OK	Albiano d'Ivrea	TO	10010
I, [2017-09-02T16:00:53.227017 #1689]  INFO -- : OK	Alice Superiore	TO	10010
I, [2017-09-02T16:00:58.730580 #1689]  INFO -- : OK	Almese	TO	10040
I, [2017-09-02T16:01:03.077757 #1689]  INFO -- : OK	Alpette	TO	10080
I, [2017-09-02T16:01:07.551910 #1689]  INFO -- : OK	Alpignano	TO	10091
I, [2017-09-02T16:01:11.989695 #1689]  INFO -- : OK	Andezeno	TO	10020
I, [2017-09-02T16:01:16.381468 #1689]  INFO -- : OK	Andrate	TO	10010
I, [2017-09-04T17:55:08.130040 #2563]  INFO -- : OK	Agliè	TO	10011
I, [2017-09-04T17:55:15.645732 #2563]  INFO -- : OK	Airasca	TO	10060
I, [2017-09-04T17:55:42.736303 #2585]  INFO -- : OK	Agliè	TO	10011
I, [2017-09-04T17:55:47.242497 #2585]  INFO -- : OK	Airasca	TO	10060
I, [2017-09-04T17:55:51.740654 #2585]  INFO -- : OK	Ala di Stura	TO	10070
I, [2022-06-07T12:10:23.361265 #37236]  INFO -- : ERROR	Agliè	TO	failed
I, [2022-06-07T12:10:27.700740 #37236]  INFO -- : ERROR	Airasca	TO	failed
I, [2022-06-07T12:10:32.039006 #37236]  INFO -- : ERROR	Ala di Stura	TO	failed
I, [2022-06-07T12:10:41.560492 #37236]  INFO -- : ERROR	Albiano d'Ivrea	TO	failed
I, [2022-06-07T12:13:05.919271 #38801]  INFO -- : ERROR	Agliè	TO	failed
I, [2022-06-07T12:13:10.133488 #38801]  INFO -- : ERROR	Airasca	TO	failed
I, [2022-06-07T12:16:57.368898 #40904]  INFO -- : OK	Agliè	TO	
I, [2022-06-07T12:17:01.636766 #40904]  INFO -- : OK	Airasca	TO	
I, [2022-06-07T12:51:50.421962 #1287]  INFO -- : OK	Agliè	TO	
I, [2022-06-07T12:51:54.513413 #1287]  INFO -- : OK	Airasca	TO	
I, [2022-06-07T12:51:59.562589 #1287]  INFO -- : OK	Ala di Stura	TO	
I, [2022-06-07T12:54:16.813224 #2713]  INFO -- : OK	Agliè	TO	
I, [2022-06-07T12:54:20.903138 #2713]  INFO -- : OK	Airasca	TO	
I, [2022-06-07T12:54:25.152093 #2713]  INFO -- : OK	Ala di Stura	TO	
I, [2022-06-07T12:54:35.571879 #2978]  INFO -- : OK	Agliè	TO	
I, [2022-06-07T12:54:39.684551 #2978]  INFO -- : OK	Airasca	TO	
